This is XeTeX, Version 3.14159265-2.6-0.99999 (TeX Live 2018) (preloaded format=xelatex 2018.5.19)  1 OCT 2018 17:13
entering extended mode
 restricted \write18 enabled.
 file:line:error style messages enabled.
 %&-line parsing enabled.
**04-PLSDA.md
(./04-PLSDA.md
LaTeX2e <2018-04-01> patch level 2
Babel <3.18> and hyphenation patterns for 84 language(s) loaded.
./04-PLSDA.md:1: You can't use `macro parameter character #' in vertical mode.
l.1 #
      PLS - Discriminant Analysis (PLS-DA) {#plsda}
? 
./04-PLSDA.md:1: Emergency stop.
l.1 #
      PLS - Discriminant Analysis (PLS-DA) {#plsda}
End of file on the terminal!

 
Here is how much of TeX's memory you used:
 5 strings out of 492970
 47 string characters out of 6133938
 63642 words of memory out of 5000000
 4112 multiletter control sequences out of 15000+600000
 3640 words of font info for 14 fonts, out of 8000000 for 9000
 1348 hyphenation exceptions out of 8191
 5i,0n,1p,61b,8s stack positions out of 5000i,500n,10000p,200000b,80000s
No pages of output.
